app/build/intermediates/manifest_merge_blame_file/debug/manifest-merger-blame-debug-report.txt
1<?xml version="1.0" encoding="utf-8"?>
2<manifest xmlns:android="http://schemas.android.com/apk/res/android"
3    package="com.rickandmortyapi"
4    android:versionCode="1"
5    android:versionName="1.0" >
6
7    <uses-sdk
8        android:minSdkVersion="23"
8-->src\main\AndroidManifest.xml
9        android:targetSdkVersion="29" />
9-->src\main\AndroidManifest.xml
10
11    <uses-permission android:name="android.permission.INTERNET" />
11-->src\main\AndroidManifest.xml:5:5-67
11-->src\main\AndroidManifest.xml:5:22-64
12
13    <application
13-->src\main\AndroidManifest.xml:7:5-22:19
14        android:name="com.rickandmortyapi.RickAndMortyApplication"
14-->src\main\AndroidManifest.xml:8:9-48
15        android:allowBackup="true"
15-->src\main\AndroidManifest.xml:9:9-35
16        android:appComponentFactory="androidx.core.app.CoreComponentFactory"
16-->[androidx.core:core:1.3.0] AndroidManifest.xml:24:18-86
17        android:debuggable="true"
18        android:extractNativeLibs="false"
19        android:icon="@mipmap/ic_launcher"
19-->src\main\AndroidManifest.xml:10:9-43
20        android:label="@string/app_name"
20-->src\main\AndroidManifest.xml:11:9-41
21        android:roundIcon="@mipmap/ic_launcher_round"
21-->src\main\AndroidManifest.xml:12:9-54
22        android:supportsRtl="true"
22-->src\main\AndroidManifest.xml:13:9-35
23        android:testOnly="true"
24        android:theme="@style/AppTheme" >
24-->src\main\AndroidManifest.xml:14:9-40
25        <activity android:name="com.rickandmortyapi.ui.MainActivity" >
25-->src\main\AndroidManifest.xml:15:9-21:20
25-->src\main\AndroidManifest.xml:15:19-50
26            <intent-filter>
26-->src\main\AndroidManifest.xml:16:13-20:29
27                <action android:name="android.intent.action.MAIN" />
27-->src\main\AndroidManifest.xml:17:17-69
27-->src\main\AndroidManifest.xml:17:25-66
28
29                <category android:name="android.intent.category.LAUNCHER" />
29-->src\main\AndroidManifest.xml:19:17-77
29-->src\main\AndroidManifest.xml:19:27-74
30            </intent-filter>
31        </activity>
32
33        <provider
33-->[com.squareup.picasso:picasso:2.71828] AndroidManifest.xml:8:9-11:40
34            android:name="com.squareup.picasso.PicassoProvider"
34-->[com.squareup.picasso:picasso:2.71828] AndroidManifest.xml:9:13-64
35            android:authorities="com.rickandmortyapi.com.squareup.picasso"
35-->[com.squareup.picasso:picasso:2.71828] AndroidManifest.xml:10:13-72
36            android:exported="false" />
36-->[com.squareup.picasso:picasso:2.71828] AndroidManifest.xml:11:13-37
37
38        <service
38-->[androidx.room:room-runtime:2.2.5] AndroidManifest.xml:25:9-28:40
39            android:name="androidx.room.MultiInstanceInvalidationService"
39-->[androidx.room:room-runtime:2.2.5] AndroidManifest.xml:26:13-74
40            android:directBootAware="true"
40-->[androidx.room:room-runtime:2.2.5] AndroidManifest.xml:27:13-43
41            android:exported="false" />
41-->[androidx.room:room-runtime:2.2.5] AndroidManifest.xml:28:13-37
42
43        <provider
43-->[androidx.lifecycle:lifecycle-process:2.1.0] AndroidManifest.xml:23:9-27:43
44            android:name="androidx.lifecycle.ProcessLifecycleOwnerInitializer"
44-->[androidx.lifecycle:lifecycle-process:2.1.0] AndroidManifest.xml:24:13-79
45            android:authorities="com.rickandmortyapi.lifecycle-process"
45-->[androidx.lifecycle:lifecycle-process:2.1.0] AndroidManifest.xml:25:13-69
46            android:exported="false"
46-->[androidx.lifecycle:lifecycle-process:2.1.0] AndroidManifest.xml:26:13-37
47            android:multiprocess="true" />
47-->[androidx.lifecycle:lifecycle-process:2.1.0] AndroidManifest.xml:27:13-40
48    </application>
49
50</manifest>